0,e0601n.nrf.htm,open
1,e0602n.nrf.htm,open
2,e0603n.nrf.htm,open
3,e0604n.nrf.htm,open
4,e0605n.nrf.htm,open
5,e0606n.nrf.htm,open
6,e0607n.nrf.htm,open
7,e0608n.nrf.htm,open
8,e0810n.nrf.htm,open
9,e0811n.nrf.htm,open
10,e0812n.nrf.htm,open
11,e0813n.nrf.htm,open
12,e0801n.nrf.htm,open
13,e0802n.nrf.htm,open
14,e0803n.nrf.htm,open
15,e0804n.nrf.htm,open
16,e0805n.nrf.htm,open
17,e0806n.nrf.htm,open
18,e0807n.nrf.htm,open
19,e0808n.nrf.htm,open
20,e0809n.nrf.htm,open
21,e0201n.nrf.htm,open
22,e0301n.nrf.htm,open
23,e0401n.nrf.htm,open
24,e0501n.nrf.htm,open
25,e1010n.nrf.htm,open
26,e1001n.nrf.htm,open
27,e1002n.nrf.htm,open
28,e1003n.nrf.htm,open
29,e1004n.nrf.htm,open
30,e1005n.nrf.htm,open
31,e1006n.nrf.htm,open
32,e1007n.nrf.htm,open
33,e1008n.nrf.htm,open
34,e1009n.nrf.htm,open
35,e1101n.nrf.htm,open
36,e1102n.nrf.htm,open
37,e1103n.nrf.htm,open
38,e0901n.nrf.htm,open
39,e0902n.nrf.htm,open
40,e0903n.nrf.htm,open
41,e0904n.nrf.htm,open
42,e0905n.nrf.htm,open
43,e0906n.nrf.htm,open
44,e0907n.nrf.htm,open
45,e1210n.nrf.htm,open
46,e1211n.nrf.htm,open
47,e1212n.nrf.htm,open
48,e1213n.nrf.htm,open
49,e1214n.nrf.htm,open
50,e1215n.nrf.htm,open
51,e1201n.nrf.htm,open
52,e1202n.nrf.htm,open
53,e1203n.nrf.htm,open
54,e1204n.nrf.htm,open
55,e1205n.nrf.htm,open
56,e1206n.nrf.htm,open
57,e1207n.nrf.htm,open
58,e1208n.nrf.htm,open
59,e1209n.nrf.htm,open
60,e0701n.nrf.htm,open
61,e0702n.nrf.htm,open
62,e0703n.nrf.htm,open
63,e0101n.mul.htm,open
64,e0102n.mul.htm,open
65,e0103n.att.htm,open
66,e0104n.att.htm,open
67,e0105n.nrf.htm,open
68,abh03m8.mul.htm,open
69,abh03m9.mul.htm,open
70,abh03m10.mul.htm,open
71,abh03m11.mul.htm,open
72,abh01m.mul.htm,open
73,abh02m.mul.htm,open
74,abh03m1.mul.htm,open
75,abh03m2.mul.htm,open
76,abh03m3.mul.htm,open
77,abh03m4.mul.htm,open
78,abh03m5.mul.htm,open
79,abh03m6.mul.htm,open
80,abh03m7.mul.htm,open
81,s0404m3.mul.htm,open
82,s0404m4.mul.htm,open
83,s0401m.mul.htm,open
84,s0402m1.mul.htm,open
85,s0402m2.mul.htm,open
86,s0402m3.mul.htm,open
87,s0403m1.mul.htm,open
88,s0403m2.mul.htm,open
89,s0403m3.mul.htm,open
90,s0404m1.mul.htm,open
91,s0404m2.mul.htm,open
92,s0101m.mul.htm,open
93,s0102m.mul.htm,open
94,s0103m.mul.htm,open
95,abh01a.att.htm,open
96,abh02a.att.htm,open
97,abh03a.att.htm,open
98,s0401a.att.htm,open
99,s0402a.att.htm,open
100,s0403a.att.htm,open
101,s0404a.att.htm,open
102,s0101a.att.htm,open
103,s0102a.att.htm,open
104,s0103a.att.htm,open
105,s0509a.att.htm,open
106,s0510a.att.htm,open
107,s0511a.att.htm,open
108,s0512a.att.htm,open
109,s0513a1.att.htm,open
110,s0513a2.att.htm,open
111,s0513a3.att.htm,open
112,s0513a4.att.htm,open
113,s0514a1.att.htm,open
114,s0514a2.att.htm,open
115,s0501a.att.htm,open
116,s0514a3.att.htm,open
117,s0515a.att.htm,open
118,s0516a.att.htm,open
119,s0517a.att.htm,open
120,s0519a.att.htm,open
121,s0502a.att.htm,open
122,s0503a.att.htm,open
123,s0504a.att.htm,open
124,s0505a.att.htm,open
125,s0506a.att.htm,open
126,s0507a.att.htm,open
127,s0508a1.att.htm,open
128,s0508a2.att.htm,open
129,s0201a.att.htm,open
130,s0202a.att.htm,open
131,s0203a.att.htm,open
132,s0301a.att.htm,open
133,s0302a.att.htm,open
134,s0303a.att.htm,open
135,s0304a.att.htm,open
136,s0305a.att.htm,open
137,vin01a.att.htm,open
138,vin02a1.att.htm,open
139,vin02a2.att.htm,open
140,vin02a3.att.htm,open
141,vin02a4.att.htm,open
142,s0510m1.mul.htm,open
143,s0510m2.mul.htm,open
144,s0511m.mul.htm,open
145,s0512m.mul.htm,open
146,s0514m.mul.htm,open
147,s0513m.mul.htm,open
148,s0515m.mul.htm,open
149,s0516m.mul.htm,open
150,s0517m.mul.htm,open
151,s0518m.nrf.htm,open
152,s0519m.mul.htm,open
153,s0501m.mul.htm,open
154,s0520m.nrf.htm,open
155,s0502m.mul.htm,open
156,s0503m.mul.htm,open
157,s0504m.mul.htm,open
158,s0505m.mul.htm,open
159,s0506m.mul.htm,open
160,s0507m.mul.htm,open
161,s0508m.mul.htm,open
162,s0509m.mul.htm,open
163,s0201m.mul.htm,open
164,s0202m.mul.htm,open
165,s0203m.mul.htm,open
166,s0301m.mul.htm,open
167,s0302m.mul.htm,open
168,s0303m.mul.htm,open
169,s0304m.mul.htm,open
170,s0305m.mul.htm,open
171,abh01t.tik.htm,open
172,abh02t.tik.htm,open
173,abh03t.tik.htm,open
174,abh04t.nrf.htm,open
175,abh05t.nrf.htm,open
176,abh06t.nrf.htm,open
177,abh07t.nrf.htm,open
178,abh08t.nrf.htm,open
179,abh09t.nrf.htm,open
180,s0401t.tik.htm,open
181,s0402t.tik.htm,open
182,s0403t.tik.htm,open
183,s0404t.tik.htm,open
184,s0101t.tik.htm,open
185,s0102t.tik.htm,open
186,s0103t.tik.htm,open
187,s0104t.nrf.htm,open
188,s0105t.nrf.htm,open
189,s0519t.tik.htm,open
190,s0501t.nrf.htm,open
191,s0201t.tik.htm,open
192,s0202t.tik.htm,open
193,s0203t.tik.htm,open
194,s0301t.tik.htm,open
195,s0302t.tik.htm,open
196,s0303t.tik.htm,open
197,s0304t.tik.htm,open
198,s0305t.tik.htm,open
199,vin10t.nrf.htm,open
200,vin11t.nrf.htm,open
201,vin12t.nrf.htm,open
202,vin13t.nrf.htm,open
203,vin01t1.tik.htm,open
204,vin01t2.tik.htm,open
205,vin02t.tik.htm,open
206,vin04t.nrf.htm,open
207,vin05t.nrf.htm,open
208,vin06t.nrf.htm,open
209,vin07t.nrf.htm,open
210,vin08t.nrf.htm,open
211,vin09t.nrf.htm,open
212,vin01m.mul.htm,open
213,vin02m1.mul.htm,open
214,vin02m2.mul.htm,open
215,vin02m3.mul.htm,open
216,vin02m4.mul.htm,open
